Using pre-set license
Built from '2020.3/staging' branch; Version is '2020.3.9f1 (108be757e447) revision 1084391'; Using compiler version '192528614'; Build Type 'Release'
OS: 'Windows 10 Education; OS build 19042.1466; Version 2009; 64bit' Language: 'ko' Physical Memory: 12208 MB
BatchMode: 1, IsHumanControllingUs: 0, StartBugReporterOnCrash: 0, Is64bit: 1, IsPro: 0

 COMMAND LINE ARGUMENTS:
C:\UnityEditor\2020.3.9f1\Editor\Unity.exe
-adb2
-batchMode
-noUpm
-name
AssetImportWorker0
-projectPath
D:/UnityProject/Operation Ragnarok/Operation_Ragnarok
-logFile
Logs/AssetImportWorker0.log
-srvPort
65431
Successfully changed project path to: D:/UnityProject/Operation Ragnarok/Operation_Ragnarok
D:/UnityProject/Operation Ragnarok/Operation_Ragnarok
Using Asset Import Pipeline V2.
Refreshing native plugins compatible for Editor in 44.11 ms, found 1 plugins.
Preloading 0 native plugins for Editor in 0.00 ms.
Initialize engine version: 2020.3.9f1 (108be757e447)
[Subsystems] Discovering subsystems at path C:/UnityEditor/2020.3.9f1/Editor/Data/Resources/UnitySubsystems
[Subsystems] Discovering subsystems at path D:/UnityProject/Operation Ragnarok/Operation_Ragnarok/Assets
GfxDevice: creating device client; threaded=0
Direct3D:
    Version:  Direct3D 11.0 [level 11.1]
    Renderer: NVIDIA GeForce GTX 1050 (ID=0x1c8d)
    Vendor:   
    VRAM:     4021 MB
    Driver:   30.0.14.7141
Initialize mono
Mono path[0] = 'C:/UnityEditor/2020.3.9f1/Editor/Data/Managed'
Mono path[1] = 'C:/UnityEditor/2020.3.9f1/Editor/Data/MonoBleedingEdge/lib/mono/unityjit'
Mono config path = 'C:/UnityEditor/2020.3.9f1/Editor/Data/MonoBleedingEdge/etc'
Using monoOptions --debugger-agent=transport=dt_socket,embedding=1,server=y,suspend=n,address=127.0.0.1:56160
Begin MonoManager ReloadAssembly
Registering precompiled unity dll's ...
Register platform support module: C:/UnityEditor/2020.3.9f1/Editor/Data/PlaybackEngines/WindowsStandaloneSupport/UnityEditor.WindowsStandalone.Extensions.dll
Registered in 0.003395 seconds.
Native extension for WindowsStandalone target not found
Refreshing native plugins compatible for Editor in 47.48 ms, found 1 plugins.
Preloading 0 native plugins for Editor in 0.00 ms.
Mono: successfully reloaded assembly
- Completed reload, in  2.605 seconds
Platform modules already initialized, skipping
Registering precompiled user dll's ...
Registered in 0.001828 seconds.
Begin MonoManager ReloadAssembly
Native extension for WindowsStandalone target not found
Refreshing native plugins compatible for Editor in 48.50 ms, found 1 plugins.
Preloading 0 native plugins for Editor in 0.00 ms.
Mono: successfully reloaded assembly
- Completed reload, in  1.330 seconds
Platform modules already initialized, skipping
========================================================================
Worker process is ready to serve import requests
Launched and connected shader compiler UnityShaderCompiler.exe after 0.10 seconds
Refreshing native plugins compatible for Editor in 0.50 ms, found 1 plugins.
Preloading 0 native plugins for Editor in 0.00 ms.
Unloading 1822 Unused Serialized files (Serialized files now loaded: 0)
System memory in use before: 85.3 MB.
System memory in use after: 85.2 MB.

Unloading 24 unused Assets to reduce memory usage. Loaded Objects now: 2264.
Total: 2.501500 ms (FindLiveObjects: 0.243000 ms CreateObjectMapping: 0.186500 ms MarkObjects: 1.906200 ms  DeleteObjects: 0.162200 ms)

========================================================================
Received Import Request.
  path: Assets/Module.cs
  artifactKey: Guid(18540821b54a75b4a8243f4744124ffd) Importer(815301076,1909f56bfc062723c751e8b465ee728b)
Start importing Assets/Module.cs using Guid(18540821b54a75b4a8243f4744124ffd) Importer(815301076,1909f56bfc062723c751e8b465ee728b)  -> (artifact id: 'e24e94fc7897a523f0c238e01b9a0bc7') in 0.062943 seconds
  Import took 0.161455 seconds .

========================================================================
Received Import Request.
  Time since last request: 0.000332 seconds.
  path: Assets/Module/Module.cs
  artifactKey: Guid(208a63642bcbc9d4a9f0aabb79956de2) Importer(815301076,1909f56bfc062723c751e8b465ee728b)
Start importing Assets/Module/Module.cs using Guid(208a63642bcbc9d4a9f0aabb79956de2) Importer(815301076,1909f56bfc062723c751e8b465ee728b)  -> (artifact id: '5adab905d24b7fed993c0def3a9c45f1') in 0.004665 seconds
  Import took 0.008076 seconds .

========================================================================
Received Import Request.
  Time since last request: 0.000469 seconds.
  path: Assets/Module
  artifactKey: Guid(693f1e149fb38ff4c98e2469ec2904f5) Importer(815301076,1909f56bfc062723c751e8b465ee728b)
Start importing Assets/Module using Guid(693f1e149fb38ff4c98e2469ec2904f5) Importer(815301076,1909f56bfc062723c751e8b465ee728b)  -> (artifact id: '183c370e5a0e917461f0717e184bb8d3') in 0.004947 seconds
  Import took 0.008938 seconds .

========================================================================
Received Import Request.
  Time since last request: 11.373144 seconds.
  path: Assets/Module/Boost_Module.cs
  artifactKey: Guid(2f4a10052f9a4f44182a3743f3bd8150) Importer(815301076,1909f56bfc062723c751e8b465ee728b)
Start importing Assets/Module/Boost_Module.cs using Guid(2f4a10052f9a4f44182a3743f3bd8150) Importer(815301076,1909f56bfc062723c751e8b465ee728b)  -> (artifact id: '4dc52cb39ed98bf16a50a40c190f5e24') in 0.011142 seconds
  Import took 0.014860 seconds .

========================================================================
Received Import Request.
  Time since last request: 17.363654 seconds.
  path: 
  artifactKey: Guid(b9bfa6bdfbd8a95459d3d5ba9c694aad) Importer(815301076,1909f56bfc062723c751e8b465ee728b)
Start importing  using Guid(b9bfa6bdfbd8a95459d3d5ba9c694aad) Importer(815301076,1909f56bfc062723c751e8b465ee728b)  -> (artifact id: '00000000000000000000000000000000') in 3.122445 seconds
  ERROR: Unknown asset with GUID 'b9bfa6bdfbd8a95459d3d5ba9c694aad'
  Import took 3.148224 seconds .

========================================================================
Received Prepare
Registering precompiled user dll's ...
Registered in 0.002225 seconds.
Begin MonoManager ReloadAssembly
Native extension for WindowsStandalone target not found
Refreshing native plugins compatible for Editor in 0.37 ms, found 1 plugins.
Preloading 0 native plugins for Editor in 0.00 ms.
Mono: successfully reloaded assembly
- Completed reload, in  1.337 seconds
Platform modules already initialized, skipping
Refreshing native plugins compatible for Editor in 0.36 ms, found 1 plugins.
Preloading 0 native plugins for Editor in 0.00 ms.
Unloading 1813 Unused Serialized files (Serialized files now loaded: 0)
System memory in use before: 85.2 MB.
System memory in use after: 85.1 MB.

Unloading 16 unused Assets to reduce memory usage. Loaded Objects now: 2264.
Total: 2.207900 ms (FindLiveObjects: 0.232600 ms CreateObjectMapping: 0.074400 ms MarkObjects: 1.727900 ms  DeleteObjects: 0.172000 ms)

========================================================================
Received Prepare
Registering precompiled user dll's ...
Registered in 0.001752 seconds.
Begin MonoManager ReloadAssembly
Native extension for WindowsStandalone target not found
Refreshing native plugins compatible for Editor in 0.45 ms, found 1 plugins.
Preloading 0 native plugins for Editor in 0.00 ms.
Mono: successfully reloaded assembly
- Completed reload, in  1.176 seconds
Platform modules already initialized, skipping
Refreshing native plugins compatible for Editor in 0.36 ms, found 1 plugins.
Preloading 0 native plugins for Editor in 0.00 ms.
Unloading 1813 Unused Serialized files (Serialized files now loaded: 0)
System memory in use before: 85.2 MB.
System memory in use after: 85.2 MB.

Unloading 12 unused Assets to reduce memory usage. Loaded Objects now: 2268.
Total: 2.334300 ms (FindLiveObjects: 0.171900 ms CreateObjectMapping: 0.063100 ms MarkObjects: 1.931000 ms  DeleteObjects: 0.167100 ms)

========================================================================
Received Prepare
Registering precompiled user dll's ...
Registered in 0.001299 seconds.
Begin MonoManager ReloadAssembly
Native extension for WindowsStandalone target not found
Refreshing native plugins compatible for Editor in 1.05 ms, found 1 plugins.
Preloading 0 native plugins for Editor in 0.00 ms.
Mono: successfully reloaded assembly
- Completed reload, in  1.466 seconds
Platform modules already initialized, skipping
Refreshing native plugins compatible for Editor in 0.43 ms, found 1 plugins.
Preloading 0 native plugins for Editor in 0.00 ms.
Unloading 1817 Unused Serialized files (Serialized files now loaded: 0)
System memory in use before: 85.3 MB.
System memory in use after: 85.3 MB.

Unloading 12 unused Assets to reduce memory usage. Loaded Objects now: 2276.
Total: 2.887700 ms (FindLiveObjects: 0.174400 ms CreateObjectMapping: 0.065200 ms MarkObjects: 2.518900 ms  DeleteObjects: 0.128100 ms)

========================================================================
Received Import Request.
  Time since last request: 150.647824 seconds.
  path: Assets/Drag.cs
  artifactKey: Guid(b9bfa6bdfbd8a95459d3d5ba9c694aad) Importer(815301076,1909f56bfc062723c751e8b465ee728b)
Start importing Assets/Drag.cs using Guid(b9bfa6bdfbd8a95459d3d5ba9c694aad) Importer(815301076,1909f56bfc062723c751e8b465ee728b)  -> (artifact id: '4b0035bc805ec7a65518628168f9b2a8') in 0.016760 seconds
  Import took 0.040229 seconds .

========================================================================
Received Prepare
Registering precompiled user dll's ...
Registered in 0.002265 seconds.
Begin MonoManager ReloadAssembly
Native extension for WindowsStandalone target not found
Refreshing native plugins compatible for Editor in 0.36 ms, found 1 plugins.
Preloading 0 native plugins for Editor in 0.00 ms.
Mono: successfully reloaded assembly
- Completed reload, in  1.295 seconds
Platform modules already initialized, skipping
Refreshing native plugins compatible for Editor in 0.37 ms, found 1 plugins.
Preloading 0 native plugins for Editor in 0.00 ms.
Unloading 1813 Unused Serialized files (Serialized files now loaded: 0)
System memory in use before: 85.3 MB.
System memory in use after: 85.2 MB.

Unloading 16 unused Assets to reduce memory usage. Loaded Objects now: 2276.
Total: 2.235800 ms (FindLiveObjects: 0.249500 ms CreateObjectMapping: 0.097500 ms MarkObjects: 1.674800 ms  DeleteObjects: 0.213100 ms)

